<?xml version="1.0" encoding="UTF-8"?>
<!-- Generated by org.testng.reporters.JUnitReportReporter -->
<testsuite hostname="ShruthiManjesh" failures="0" tests="1" name="Test.Assessment.Amazontest" time="47.058" errors="0" timestamp="2024-07-13T18:00:47 IST" skipped="0">
  <testcase classname="Test.Assessment.Amazontest" name="AddProductToCart" time="47.058"/>
  <system-out/>
</testsuite> <!-- Test.Assessment.Amazontest -->
